2021-06-19 21:18:06,049  INFO [main] nopCommerceSDET:62 - ***********Launching Browser****************
2021-06-19 21:18:06,091  INFO [main] nopCommerceSDET:68 - ************* Opening URL  *****************
2021-06-19 21:18:09,036  INFO [main] nopCommerceSDET:75 - ************* Prvding user and password *****************
2021-06-19 21:18:09,303  INFO [main] nopCommerceSDET:82 - ************* click on login *****************
2021-06-19 21:18:13,974  INFO [main] nopCommerceSDET:120 - ********* Verifying Dashboad page title after login successful **************
2021-06-19 21:18:16,996  INFO [main] nopCommerceSDET:127 - ********* Clicking on customer main menu **************
2021-06-19 21:18:19,155  INFO [main] nopCommerceSDET:134 - ********* Clicking on customer sub menu **************
2021-06-19 21:18:30,461  INFO [main] nopCommerceSDET:171 - ********* Saving customer details **************
2021-06-19 21:18:33,744  INFO [main] nopCommerceSDET:111 - ************* closing browser *****************
2021-06-19 21:18:56,684  INFO [main] nopCommerceSDET:62 - ***********Launching Browser****************
2021-06-19 21:18:56,714  INFO [main] nopCommerceSDET:68 - ************* Opening URL  *****************
2021-06-19 21:18:59,578  INFO [main] nopCommerceSDET:75 - ************* Prvding user and password *****************
2021-06-19 21:18:59,810  INFO [main] nopCommerceSDET:82 - ************* click on login *****************
2021-06-19 21:19:04,442  INFO [main] nopCommerceSDET:120 - ********* Verifying Dashboad page title after login successful **************
2021-06-19 21:19:07,459  INFO [main] nopCommerceSDET:127 - ********* Clicking on customer main menu **************
2021-06-19 21:19:09,587  INFO [main] nopCommerceSDET:134 - ********* Clicking on customer sub menu **************
2021-06-19 21:19:20,938  INFO [main] nopCommerceSDET:171 - ********* Saving customer details **************
2021-06-19 21:19:24,013  INFO [main] nopCommerceSDET:111 - ************* closing browser *****************
2021-06-19 21:19:25,944  INFO [main] nopCommerceSDET:62 - ***********Launching Browser****************
2021-06-19 21:19:25,945  INFO [main] nopCommerceSDET:68 - ************* Opening URL  *****************
2021-06-19 21:19:29,051  INFO [main] nopCommerceSDET:75 - ************* Prvding user and password *****************
2021-06-19 21:19:29,299  INFO [main] nopCommerceSDET:82 - ************* click on login *****************
2021-06-19 21:19:33,327  INFO [main] nopCommerceSDET:96 - ************* Login Passed *****************
2021-06-19 21:19:36,349  INFO [main] nopCommerceSDET:104 - ************* clicking on logout *****************
2021-06-19 21:19:40,251  INFO [main] nopCommerceSDET:96 - ************* Login Passed *****************
2021-06-19 21:19:43,264  INFO [main] nopCommerceSDET:111 - ************* closing browser *****************
2021-06-19 21:20:58,017  INFO [main] nopCommerceSDET:62 - ***********Launching Browser****************
2021-06-19 21:20:58,052  INFO [main] nopCommerceSDET:68 - ************* Opening URL  *****************
2021-06-19 21:21:00,668  INFO [main] nopCommerceSDET:75 - ************* Prvding user and password *****************
2021-06-19 21:21:00,951  INFO [main] nopCommerceSDET:82 - ************* click on login *****************
2021-06-19 21:21:05,567  INFO [main] nopCommerceSDET:120 - ********* Verifying Dashboad page title after login successful **************
2021-06-19 21:21:08,585  INFO [main] nopCommerceSDET:127 - ********* Clicking on customer main menu **************
2021-06-19 21:21:10,720  INFO [main] nopCommerceSDET:134 - ********* Clicking on customer sub menu **************
2021-06-19 21:21:21,908  INFO [main] nopCommerceSDET:171 - ********* Saving customer details **************
2021-06-19 21:21:25,042  INFO [main] nopCommerceSDET:111 - ************* closing browser *****************
2021-06-19 21:21:26,937  INFO [main] nopCommerceSDET:62 - ***********Launching Browser****************
2021-06-19 21:21:26,938  INFO [main] nopCommerceSDET:68 - ************* Opening URL  *****************
2021-06-19 21:21:29,790  INFO [main] nopCommerceSDET:75 - ************* Prvding user and password *****************
2021-06-19 21:21:30,065  INFO [main] nopCommerceSDET:82 - ************* click on login *****************
2021-06-19 21:21:34,430  INFO [main] nopCommerceSDET:120 - ********* Verifying Dashboad page title after login successful **************
2021-06-19 21:21:37,490  INFO [main] nopCommerceSDET:127 - ********* Clicking on customer main menu **************
2021-06-19 21:21:39,609  INFO [main] nopCommerceSDET:134 - ********* Clicking on customer sub menu **************
2021-06-19 21:21:40,740  INFO [main] nopCommerceSDET:186 - ********* Searching customer details by Email **************
2021-06-19 21:21:44,177  INFO [main] nopCommerceSDET:111 - ************* closing browser *****************
2021-06-19 21:21:46,449  INFO [main] nopCommerceSDET:62 - ***********Launching Browser****************
2021-06-19 21:21:46,451  INFO [main] nopCommerceSDET:68 - ************* Opening URL  *****************
2021-06-19 21:21:48,523  INFO [main] nopCommerceSDET:75 - ************* Prvding user and password *****************
2021-06-19 21:21:48,755  INFO [main] nopCommerceSDET:82 - ************* click on login *****************
2021-06-19 21:21:52,497  INFO [main] nopCommerceSDET:120 - ********* Verifying Dashboad page title after login successful **************
2021-06-19 21:21:55,677  INFO [main] nopCommerceSDET:127 - ********* Clicking on customer main menu **************
2021-06-19 21:21:57,787  INFO [main] nopCommerceSDET:134 - ********* Clicking on customer sub menu **************
2021-06-19 21:21:59,020  INFO [main] nopCommerceSDET:205 - ********* Searching customer details by Name **************
2021-06-19 21:22:02,541  INFO [main] nopCommerceSDET:111 - ************* closing browser *****************
2021-06-19 21:22:04,509  INFO [main] nopCommerceSDET:62 - ***********Launching Browser****************
2021-06-19 21:22:04,511  INFO [main] nopCommerceSDET:68 - ************* Opening URL  *****************
2021-06-19 21:22:07,269  INFO [main] nopCommerceSDET:75 - ************* Prvding user and password *****************
2021-06-19 21:22:07,602  INFO [main] nopCommerceSDET:82 - ************* click on login *****************
2021-06-19 21:22:11,383  INFO [main] nopCommerceSDET:96 - ************* Login Passed *****************
2021-06-19 21:22:14,450  INFO [main] nopCommerceSDET:104 - ************* clicking on logout *****************
2021-06-19 21:22:18,331  INFO [main] nopCommerceSDET:96 - ************* Login Passed *****************
2021-06-19 21:22:21,341  INFO [main] nopCommerceSDET:111 - ************* closing browser *****************
2021-06-19 21:22:23,367  INFO [main] nopCommerceSDET:62 - ***********Launching Browser****************
2021-06-19 21:22:23,373  INFO [main] nopCommerceSDET:68 - ************* Opening URL  *****************
2021-06-19 21:22:26,553  INFO [main] nopCommerceSDET:75 - ************* Prvding user and password *****************
2021-06-19 21:22:26,839  INFO [main] nopCommerceSDET:82 - ************* click on login *****************
2021-06-19 21:22:31,398  INFO [main] nopCommerceSDET:96 - ************* Login Passed *****************
2021-06-19 21:22:34,412  INFO [main] nopCommerceSDET:104 - ************* clicking on logout *****************
2021-06-19 21:22:38,213  INFO [main] nopCommerceSDET:96 - ************* Login Passed *****************
2021-06-19 21:22:41,228  INFO [main] nopCommerceSDET:111 - ************* closing browser *****************
2021-06-19 21:22:43,210  INFO [main] nopCommerceSDET:62 - ***********Launching Browser****************
2021-06-19 21:22:43,211  INFO [main] nopCommerceSDET:68 - ************* Opening URL  *****************
2021-06-19 21:22:46,354  INFO [main] nopCommerceSDET:75 - ************* Prvding user and password *****************
2021-06-19 21:22:46,656  INFO [main] nopCommerceSDET:82 - ************* click on login *****************
2021-06-19 21:22:47,049  INFO [main] nopCommerceSDET:90 - ************* Login failed *****************
2021-06-19 21:27:41,490  INFO [main] nopCommerceSDET:62 - ***********Launching Browser****************
2021-06-19 21:27:41,540  INFO [main] nopCommerceSDET:68 - ************* Opening URL  *****************
2021-06-19 21:27:44,046  INFO [main] nopCommerceSDET:75 - ************* Prvding user and password *****************
2021-06-19 21:27:44,344  INFO [main] nopCommerceSDET:82 - ************* click on login *****************
2021-06-19 21:27:49,017  INFO [main] nopCommerceSDET:120 - ********* Verifying Dashboad page title after login successful **************
2021-06-19 21:27:52,040  INFO [main] nopCommerceSDET:127 - ********* Clicking on customer main menu **************
2021-06-19 21:27:54,160  INFO [main] nopCommerceSDET:134 - ********* Clicking on customer sub menu **************
2021-06-19 21:28:05,434  INFO [main] nopCommerceSDET:171 - ********* Saving customer details **************
2021-06-19 21:28:08,466  INFO [main] nopCommerceSDET:111 - ************* closing browser *****************
2021-06-19 21:28:10,457  INFO [main] nopCommerceSDET:62 - ***********Launching Browser****************
2021-06-19 21:28:10,459  INFO [main] nopCommerceSDET:68 - ************* Opening URL  *****************
2021-06-19 21:28:13,487  INFO [main] nopCommerceSDET:75 - ************* Prvding user and password *****************
2021-06-19 21:28:13,743  INFO [main] nopCommerceSDET:82 - ************* click on login *****************
2021-06-19 21:28:18,403  INFO [main] nopCommerceSDET:120 - ********* Verifying Dashboad page title after login successful **************
2021-06-19 21:28:21,445  INFO [main] nopCommerceSDET:127 - ********* Clicking on customer main menu **************
2021-06-19 21:28:23,558  INFO [main] nopCommerceSDET:134 - ********* Clicking on customer sub menu **************
2021-06-19 21:28:24,583  INFO [main] nopCommerceSDET:186 - ********* Searching customer details by Email **************
2021-06-19 21:28:28,084  INFO [main] nopCommerceSDET:111 - ************* closing browser *****************
2021-06-19 21:28:29,991  INFO [main] nopCommerceSDET:62 - ***********Launching Browser****************
2021-06-19 21:28:29,993  INFO [main] nopCommerceSDET:68 - ************* Opening URL  *****************
2021-06-19 21:28:33,164  INFO [main] nopCommerceSDET:75 - ************* Prvding user and password *****************
2021-06-19 21:28:33,416  INFO [main] nopCommerceSDET:82 - ************* click on login *****************
2021-06-19 21:28:37,782  INFO [main] nopCommerceSDET:120 - ********* Verifying Dashboad page title after login successful **************
2021-06-19 21:28:40,794  INFO [main] nopCommerceSDET:127 - ********* Clicking on customer main menu **************
2021-06-19 21:28:42,938  INFO [main] nopCommerceSDET:134 - ********* Clicking on customer sub menu **************
2021-06-19 21:28:43,996  INFO [main] nopCommerceSDET:205 - ********* Searching customer details by Name **************
2021-06-19 21:28:47,542  INFO [main] nopCommerceSDET:111 - ************* closing browser *****************
2021-06-19 21:28:49,539  INFO [main] nopCommerceSDET:62 - ***********Launching Browser****************
2021-06-19 21:28:49,540  INFO [main] nopCommerceSDET:68 - ************* Opening URL  *****************
2021-06-19 21:28:52,368  INFO [main] nopCommerceSDET:75 - ************* Prvding user and password *****************
2021-06-19 21:28:52,619  INFO [main] nopCommerceSDET:82 - ************* click on login *****************
2021-06-19 21:28:57,058  INFO [main] nopCommerceSDET:96 - ************* Login Passed *****************
2021-06-19 21:29:00,101  INFO [main] nopCommerceSDET:104 - ************* clicking on logout *****************
2021-06-19 21:29:04,003  INFO [main] nopCommerceSDET:96 - ************* Login Passed *****************
2021-06-19 21:29:07,023  INFO [main] nopCommerceSDET:111 - ************* closing browser *****************
2021-06-19 21:29:09,002  INFO [main] nopCommerceSDET:62 - ***********Launching Browser****************
2021-06-19 21:29:09,034  INFO [main] nopCommerceSDET:68 - ************* Opening URL  *****************
2021-06-19 21:29:11,711  INFO [main] nopCommerceSDET:75 - ************* Prvding user and password *****************
2021-06-19 21:29:12,010  INFO [main] nopCommerceSDET:82 - ************* click on login *****************
2021-06-19 21:29:17,068  INFO [main] nopCommerceSDET:96 - ************* Login Passed *****************
2021-06-19 21:29:20,098  INFO [main] nopCommerceSDET:104 - ************* clicking on logout *****************
2021-06-19 21:29:24,215  INFO [main] nopCommerceSDET:96 - ************* Login Passed *****************
2021-06-19 21:29:27,258  INFO [main] nopCommerceSDET:111 - ************* closing browser *****************
2021-06-19 21:29:29,328  INFO [main] nopCommerceSDET:62 - ***********Launching Browser****************
2021-06-19 21:29:29,330  INFO [main] nopCommerceSDET:68 - ************* Opening URL  *****************
2021-06-19 21:29:31,726  INFO [main] nopCommerceSDET:75 - ************* Prvding user and password *****************
2021-06-19 21:29:31,962  INFO [main] nopCommerceSDET:82 - ************* click on login *****************
2021-06-19 21:29:32,574  INFO [main] nopCommerceSDET:90 - ************* Login failed *****************
